

Version:	3.10
CmdLine:	C:\Users\57302\Videos\Domino\src\domino.exe --l4j-debug
WOW64:		yes
Working dir:	C:\Users\57302\Videos\Domino\src\.
Java min ver:	1.8.0
Java max ver:	
Bundled JRE:	jdk1.8.0_181
Check launcher:	C:\Users\57302\Videos\Domino\src\jdk1.8.0_181\bin\javaw.exe (not found)
64-bit search:	SOFTWARE\JavaSoft\Java Runtime Environment...
Check:		SOFTWARE\JavaSoft\Java Runtime Environment\1.8
Ignore:		1.8
Check:		SOFTWARE\JavaSoft\Java Runtime Environment\1.8.0_181
Check launcher:	C:\Program Files\Java\jre1.8.0_181\bin\javaw.exe (OK)
Match:		1.8.0_181
Check:		SOFTWARE\JavaSoft\Java Runtime Environment\1.8.0_65
Ignore:		1.8.0_065
64-bit search:	SOFTWARE\JavaSoft\Java Development Kit...
Check:		SOFTWARE\JavaSoft\Java Development Kit\1.8
Ignore:		1.8
Check:		SOFTWARE\JavaSoft\Java Development Kit\1.8.0_181
Ignore:		1.8.0_181
Check:		SOFTWARE\JavaSoft\Java Development Kit\1.8.0_65
Ignore:		1.8.0_065
64-bit search:	SOFTWARE\JavaSoft\JRE...
64-bit search:	SOFTWARE\JavaSoft\JDK...
Runtime used:	1.8.0_181 (64-bit)
Launcher:	C:\Program Files\Java\jre1.8.0_181\bin\javaw.exe
Launcher args:	-jar "C:\Users\57302\Videos\Domino\src\domino.exe"
Args length:	50/32768 chars
Exit code:	0


Version:	3.10
CmdLine:	C:\Users\57302\Videos\Domino\src\domino.exe --l4j-debug
WOW64:		yes
Working dir:	C:\Users\57302\Videos\Domino\src\.
Java min ver:	1.8.0
Java max ver:	
Bundled JRE:	jdk1.8.0_65
Check launcher:	C:\Users\57302\Videos\Domino\src\jdk1.8.0_65\bin\javaw.exe (not found)
64-bit search:	SOFTWARE\JavaSoft\Java Runtime Environment...
Check:		SOFTWARE\JavaSoft\Java Runtime Environment\1.8
Ignore:		1.8
Check:		SOFTWARE\JavaSoft\Java Runtime Environment\1.8.0_181
Check launcher:	C:\Program Files\Java\jre1.8.0_181\bin\javaw.exe (OK)
Match:		1.8.0_181
Check:		SOFTWARE\JavaSoft\Java Runtime Environment\1.8.0_65
Ignore:		1.8.0_065
64-bit search:	SOFTWARE\JavaSoft\Java Development Kit...
Check:		SOFTWARE\JavaSoft\Java Development Kit\1.8
Ignore:		1.8
Check:		SOFTWARE\JavaSoft\Java Development Kit\1.8.0_181
Ignore:		1.8.0_181
Check:		SOFTWARE\JavaSoft\Java Development Kit\1.8.0_65
Ignore:		1.8.0_065
64-bit search:	SOFTWARE\JavaSoft\JRE...
64-bit search:	SOFTWARE\JavaSoft\JDK...
Runtime used:	1.8.0_181 (64-bit)
Launcher:	C:\Program Files\Java\jre1.8.0_181\bin\javaw.exe
Launcher args:	-jar "C:\Users\57302\Videos\Domino\src\domino.exe"
Args length:	50/32768 chars
Exit code:	0
